{"time":"2024-06-28T17:58:14.478224Z","level":"INFO","msg":"Starting http tunnel on port 8080\n"}
{"time":"2024-06-28T17:58:14.478637Z","level":"INFO","msg":"Tunnel established! Access your service at https://localhost:8050\n"}
{"time":"2024-06-28T17:58:37.962242Z","level":"INFO","msg":"Starting http tunnel on port 8080\n"}
{"time":"2024-06-28T17:58:37.962343Z","level":"INFO","msg":"Tunnel established! Access your service at https://localhost:8050\n"}
{"time":"2024-06-28T17:59:34.939106Z","level":"INFO","msg":"Starting http tunnel on port 8080\n"}
{"time":"2024-06-28T17:59:34.93922Z","level":"INFO","msg":"Tunnel established! Access your service at https://localhost:8050\n"}
time=2024-06-28T17:59:46.700Z level=INFO msg="Starting http tunnel on port 8080\n"
time=2024-06-28T17:59:46.700Z level=INFO msg="Tunnel established! Access your service at https://localhost:8050\n"
time=2024-06-28T18:00:20.624Z level=INFO msg="Starting http tunnel on port 8080"
time=2024-06-28T18:00:20.624Z level=INFO msg="Tunnel established! Access your service at https://localhost:8050"
time=2024-06-28T18:19:54.055Z level=INFO msg="Starting http tunnel on port 8080"
time=2024-06-28T18:19:54.055Z level=INFO msg="Tunnel established! Access your service at https://localhost:8050"
time=2024-06-28T18:50:07.690Z level=ERROR msg="Failed to read spawn Value : %v" !BADKEY=EOF
time=2024-06-28T18:50:16.032Z level=INFO msg="Starting http tunnel on port 8080"
time=2024-06-28T18:50:16.032Z level=INFO msg="Tunnel established! Access your service at https://localhost:8050"
time=2024-06-28T18:56:12.421Z level=INFO msg="Starting public server on : 443"
time=2024-06-28T18:56:12.422Z level=INFO msg="Starting private server on : 8050"
time=2024-06-28T18:59:52.460Z level=INFO msg="Starting public server on : 443"
time=2024-06-28T18:59:52.460Z level=INFO msg="Starting private server on : 8050"
time=2024-06-28T19:01:22.509Z level=INFO msg="Starting public server on : 443"
time=2024-06-28T19:01:22.509Z level=INFO msg="Starting private server on : 8050"
time=2024-06-28T19:01:23.621Z level=INFO msg="Starting http tunnel on port 8080"
time=2024-06-28T19:01:23.621Z level=INFO msg="Tunnel established! Access your service at https://localhost:8050"
time=2024-06-28T19:10:23.119Z level=INFO msg="Starting public server on : 443"
time=2024-06-28T19:10:23.120Z level=INFO msg="Starting private server on : 8050"
time=2024-06-28T19:11:02.684Z level=INFO msg="Starting public server on : 443"
time=2024-06-28T19:11:02.685Z level=INFO msg="Starting private server on : 8050"
time=2024-06-28T19:11:44.087Z level=INFO msg="Successfully wrote register action"
time=2024-06-28T19:11:44.088Z level=INFO msg="Token received:" !BADKEY="V9-ciI6KtvXARFVDs-hMBE7CXJSymDE-LtIXRytA01Y="
time=2024-06-28T19:11:44.088Z level=INFO msg="Registration successful. Your authentication token : %s" !BADKEY="V9-ciI6KtvXARFVDs-hMBE7CXJSymDE-LtIXRytA01Y="
time=2024-06-28T19:11:44.088Z level=INFO msg="Token will automatically be saved"
time=2024-06-28T19:12:31.374Z level=INFO msg="Successfully wrote register action"
time=2024-06-28T19:12:31.374Z level=INFO msg="Token received:" !BADKEY="V8zglUKDUxLN22A8ORJyj1-yxKl44b3hF6SO34jspro="
time=2024-06-28T19:12:31.374Z level=INFO msg="Registration successful. Your authentication token : %s" !BADKEY="V8zglUKDUxLN22A8ORJyj1-yxKl44b3hF6SO34jspro="
time=2024-06-28T19:12:31.374Z level=INFO msg="Token will automatically be saved"
time=2024-06-28T19:12:32.627Z level=INFO msg="Successfully wrote register action"
time=2024-06-28T19:12:32.627Z level=INFO msg="Token received:" !BADKEY="Jq-uKpnosqLIzsvvexh5F2bDoivhNfrJwqyq8yqlOuA="
time=2024-06-28T19:12:32.627Z level=INFO msg="Registration successful. Your authentication token : %s" !BADKEY="Jq-uKpnosqLIzsvvexh5F2bDoivhNfrJwqyq8yqlOuA="
time=2024-06-28T19:12:32.627Z level=INFO msg="Token will automatically be saved"
time=2024-06-28T19:12:34.288Z level=INFO msg="Successfully wrote register action"
time=2024-06-28T19:12:34.288Z level=INFO msg="Token received:" !BADKEY="CbPyC2kj7MIyTlocgtMB_rBJ3XA5j1XBPC-mNEUMyYA="
time=2024-06-28T19:12:34.288Z level=INFO msg="Registration successful. Your authentication token : %s" !BADKEY="CbPyC2kj7MIyTlocgtMB_rBJ3XA5j1XBPC-mNEUMyYA="
time=2024-06-28T19:12:34.288Z level=INFO msg="Token will automatically be saved"
time=2024-06-28T19:12:35.250Z level=INFO msg="Successfully wrote register action"
time=2024-06-28T19:12:35.250Z level=INFO msg="Token received:" !BADKEY="aEtJCIziFbEx5RlXKGEsKMXURy0Bfum2BviApFbm21k="
time=2024-06-28T19:12:35.250Z level=INFO msg="Registration successful. Your authentication token : %s" !BADKEY="aEtJCIziFbEx5RlXKGEsKMXURy0Bfum2BviApFbm21k="
time=2024-06-28T19:12:35.250Z level=INFO msg="Token will automatically be saved"
time=2024-06-28T19:13:19.441Z level=INFO msg="Starting public server on : 443"
time=2024-06-28T19:13:19.441Z level=INFO msg="Starting private server on : 8050"
time=2024-06-28T19:13:19.882Z level=INFO msg="Successfully wrote register action"
time=2024-06-28T19:13:19.882Z level=INFO msg="Token received:" !BADKEY="GN5wZ9h6BGhxrtWA1QLf51w-AmAMo1-0EnIiFsSGn6o="
time=2024-06-28T19:13:19.882Z level=INFO msg="Registration successful. Your authentication token : %s" !BADKEY="GN5wZ9h6BGhxrtWA1QLf51w-AmAMo1-0EnIiFsSGn6o="
time=2024-06-28T19:13:19.882Z level=INFO msg="Token will automatically be saved"
time=2024-06-28T19:13:24.964Z level=INFO msg="Successfully wrote register action"
time=2024-06-28T19:13:24.965Z level=INFO msg="Token received:" !BADKEY="gR8SDkk-wQmjBQiJHNlwrzSrGcsNy8fdAtsbwO3ifAc="
time=2024-06-28T19:13:24.965Z level=INFO msg="Registration successful. Your authentication token : %s" !BADKEY="gR8SDkk-wQmjBQiJHNlwrzSrGcsNy8fdAtsbwO3ifAc="
time=2024-06-28T19:13:24.965Z level=INFO msg="Token will automatically be saved"
time=2024-06-28T19:13:31.355Z level=INFO msg="Starting public server on : 443"
time=2024-06-28T19:13:31.355Z level=INFO msg="Starting private server on : 8050"
time=2024-06-28T19:13:32.969Z level=INFO msg="Successfully wrote register action"
time=2024-06-28T19:13:32.969Z level=INFO msg="Token received:" !BADKEY="-e4jcYgazdXfI-MCQwb2-JruX1C9AuYDSpJ2hcvoPNs="
time=2024-06-28T19:13:32.969Z level=INFO msg="Registration successful. Your authentication token : %s" !BADKEY="-e4jcYgazdXfI-MCQwb2-JruX1C9AuYDSpJ2hcvoPNs="
time=2024-06-28T19:13:32.969Z level=INFO msg="Token will automatically be saved"
time=2024-06-28T19:13:39.410Z level=INFO msg="Successfully wrote register action"
time=2024-06-28T19:13:39.410Z level=INFO msg="Token received:" !BADKEY="GNu8R2uJKhzHPKioW8i_tEAwWsIxEyz2-94dnXeeUzg="
time=2024-06-28T19:13:39.410Z level=INFO msg="Registration successful. Your authentication token" token="GNu8R2uJKhzHPKioW8i_tEAwWsIxEyz2-94dnXeeUzg="
time=2024-06-28T19:13:39.410Z level=INFO msg="Token will automatically be saved"
time=2024-06-28T19:14:26.269Z level=INFO msg="Successfully wrote register action"
time=2024-06-28T19:14:26.269Z level=INFO msg="Token received:" !BADKEY="tMellCbvKHAZnVOcEQ4ghAVoUmQXjQQodBLDmSP8jW8="
time=2024-06-28T19:14:26.269Z level=INFO msg="Registration successful. Your authentication token" token="tMellCbvKHAZnVOcEQ4ghAVoUmQXjQQodBLDmSP8jW8="
time=2024-06-28T19:14:26.269Z level=INFO msg="Token will automatically be saved"
time=2024-06-28T19:15:26.316Z level=INFO msg="Starting public server on : 443"
time=2024-06-28T19:15:26.317Z level=INFO msg="Starting private server on : 8050"
time=2024-06-28T19:15:28.077Z level=INFO msg="Successfully wrote register action"
time=2024-06-28T19:15:28.077Z level=INFO msg="Token received" token="UzZJydlrdiP5aTl1aXZX1k9e3xlyShSn6IQZ6_qK24Q="
time=2024-06-28T19:15:28.077Z level=INFO msg="Registration successful. Your authentication token" token="UzZJydlrdiP5aTl1aXZX1k9e3xlyShSn6IQZ6_qK24Q="
time=2024-06-28T19:15:28.077Z level=INFO msg="Token will automatically be saved"
time=2024-06-28T19:15:50.058Z level=INFO msg="Connecting to harlot server..."
time=2024-06-28T19:15:50.066Z level=INFO msg="Authenticating with server..."
time=2024-06-28T19:15:50.066Z level=ERROR msg="Authentication failed please provide a valid token"
time=2024-06-28T19:16:35.217Z level=INFO msg="Connecting to harlot server..."
time=2024-06-28T19:16:35.224Z level=INFO msg="Authenticating with server..."
time=2024-06-28T19:16:35.225Z level=INFO msg="Successfully authenticated with server"
time=2024-06-28T19:16:46.567Z level=INFO msg="Successfully wrote register action"
time=2024-06-28T19:16:46.567Z level=INFO msg="Token received" token="hy8XIa2MP9Rp6FCOwyLkbgV9KSeAG-MZZiH698olXoU="
time=2024-06-28T19:16:46.567Z level=INFO msg="Registration successful. Your authentication token" token="hy8XIa2MP9Rp6FCOwyLkbgV9KSeAG-MZZiH698olXoU="
time=2024-06-28T19:16:46.567Z level=INFO msg="Token will automatically be saved"
time=2024-06-28T19:17:01.825Z level=INFO msg="Starting http tunnel on port 8080"
time=2024-06-28T19:17:01.825Z level=INFO msg="Tunnel established! Access your service at https://localhost:8050"
time=2024-06-28T19:17:10.355Z level=INFO msg="Starting public server on : 443"
time=2024-06-28T19:17:10.356Z level=INFO msg="Starting private server on : 8050"
time=2024-06-28T19:17:13.089Z level=ERROR msg="There was an error logging into server"
time=2024-06-28T19:17:25.060Z level=INFO msg="Successfully wrote register action"
time=2024-06-28T19:17:25.061Z level=INFO msg="Token received" token="Ys5UNh-dKc19wRrvndw_ZuKIDwyXDEGWggiTtiUPYaA="
time=2024-06-28T19:17:25.061Z level=INFO msg="Registration successful. Your authentication token" token="Ys5UNh-dKc19wRrvndw_ZuKIDwyXDEGWggiTtiUPYaA="
time=2024-06-28T19:17:25.061Z level=INFO msg="Token will automatically be saved"
time=2024-06-28T19:17:29.520Z level=ERROR msg="There was an error logging into server"
time=2024-06-28T19:18:10.170Z level=INFO msg="Starting public server on : 443"
time=2024-06-28T19:18:10.171Z level=INFO msg="Starting private server on : 8050"
time=2024-06-28T19:18:22.501Z level=INFO msg="Successfully wrote register action"
time=2024-06-28T19:18:22.501Z level=INFO msg="Token received" token="DXpnxOxOz7K5fFXAC0lengVzBHXE3XmrEeU3ioz4GBo="
time=2024-06-28T19:18:22.501Z level=INFO msg="Registration successful" token="DXpnxOxOz7K5fFXAC0lengVzBHXE3XmrEeU3ioz4GBo="
time=2024-06-28T19:18:22.501Z level=INFO msg="Use Login command to persist token"
time=2024-06-28T19:18:34.842Z level=INFO msg="Connecting to harlot server..."
time=2024-06-28T19:18:34.850Z level=INFO msg="Authenticating with server..."
time=2024-06-28T19:18:34.850Z level=INFO msg="Successfully authenticated with server"
time=2024-06-28T19:18:46.720Z level=INFO msg="Starting http tunnel on port 8080"
time=2024-06-28T19:18:46.721Z level=INFO msg="Tunnel established! Access your service at https://localhost:8050"
time=2024-06-28T19:46:38.991Z level=INFO msg="Subdomain does not exist"
time=2024-06-28T19:46:38.992Z level=INFO msg="Subdomain does not exist"
time=2024-06-29T10:03:10.996Z level=ERROR msg="Failed to read spawn Value : %v" !BADKEY=EOF
time=2024-06-29T10:17:59.166Z level=INFO msg="Starting public server on : 443"
time=2024-06-29T10:17:59.166Z level=INFO msg="Starting private server on : 8050"
time=2024-06-29T10:18:08.066Z level=INFO msg="Starting public server on : 443"
time=2024-06-29T10:18:08.067Z level=INFO msg="Starting private server on : 8050"
time=2024-06-29T10:18:24.607Z level=ERROR msg="There was an error logging into server"
time=2024-06-29T10:18:37.572Z level=INFO msg="Connecting to harlot server..."
time=2024-06-29T10:18:37.588Z level=INFO msg="Successfully wrote register action"
time=2024-06-29T10:18:37.588Z level=INFO msg="Token received" token="Wt9lAoEj6OcnVeA-zZhuEEBeupJ99uaGPP9qNL8gtBY="
time=2024-06-29T10:18:37.588Z level=INFO msg="Registration successful" token="Wt9lAoEj6OcnVeA-zZhuEEBeupJ99uaGPP9qNL8gtBY="
time=2024-06-29T10:18:37.588Z level=INFO msg="Use Login command to persist token"
time=2024-06-29T10:18:51.726Z level=INFO msg="Connecting to harlot server..."
time=2024-06-29T10:18:51.743Z level=INFO msg="Authenticating with server..."
time=2024-06-29T10:18:51.744Z level=INFO msg="Successfully authenticated with server"
time=2024-06-29T10:18:56.710Z level=INFO msg="Starting http tunnel on port 8080"
time=2024-06-29T10:18:56.710Z level=INFO msg="Tunnel established! Access your service at https://localhost:8050"
time=2024-06-29T10:19:08.474Z level=INFO msg="Finished copying into local"
time=2024-06-29T10:19:08.474Z level=INFO msg="Finished copying into local"
time=2024-06-29T10:19:08.476Z level=INFO msg="Error copying into remote"
time=2024-06-29T10:19:08.476Z level=INFO msg="Error copying into remote"
time=2024-06-29T10:19:08.476Z level=INFO msg="Finished copying to remote"
time=2024-06-29T10:19:08.476Z level=INFO msg="Finished copying to remote"
time=2024-06-29T10:19:45.076Z level=ERROR msg="Failed to read spawn Value : %v" !BADKEY=EOF
time=2024-06-29T10:19:47.332Z level=INFO msg="Starting public server on : 443"
time=2024-06-29T10:19:47.332Z level=INFO msg="Starting private server on : 8050"
time=2024-06-29T10:19:47.975Z level=ERROR msg="There was an error logging into server"
time=2024-06-29T10:19:54.245Z level=INFO msg="Connecting to harlot server..."
time=2024-06-29T10:19:54.261Z level=INFO msg="Authenticating with server..."
time=2024-06-29T10:19:54.262Z level=ERROR msg="Authentication failed please provide a valid token"
time=2024-06-29T10:20:42.701Z level=INFO msg="Connecting to harlot server..."
time=2024-06-29T10:20:42.716Z level=INFO msg="Authenticating with server..."
time=2024-06-29T10:20:42.716Z level=INFO msg="Successfully authenticated with server"
time=2024-06-29T10:20:55.337Z level=INFO msg="Starting http tunnel on port 8080"
time=2024-06-29T10:20:55.338Z level=INFO msg="Tunnel established! Access your service at https://localhost:8050"
time=2024-06-29T10:23:23.937Z level=ERROR msg="Failed to read spawn Value : %v" !BADKEY=EOF
time=2024-06-29T10:23:25.894Z level=INFO msg="Starting public server on : 443"
time=2024-06-29T10:23:25.894Z level=INFO msg="Starting private server on : 8050"
time=2024-06-29T10:23:27.249Z level=INFO msg="Starting public server on : 443"
time=2024-06-29T10:23:27.250Z level=INFO msg="Starting private server on : 8050"
time=2024-06-29T10:23:29.778Z level=INFO msg="Starting http tunnel on port 8080"
time=2024-06-29T10:23:29.778Z level=INFO msg="Tunnel established! Access your service at https://localhost:8050"
time=2024-06-29T10:23:34.855Z level=ERROR msg="Failed to read spawn Value : %v" !BADKEY=EOF
time=2024-06-29T10:23:39.636Z level=INFO msg="Starting public server on : 443"
time=2024-06-29T10:23:39.637Z level=INFO msg="Starting private server on : 8050"
time=2024-06-29T10:23:46.429Z level=INFO msg="Subdomain does not exist"
time=2024-06-29T10:23:55.031Z level=INFO msg="Starting http tunnel on port 8080"
time=2024-06-29T10:23:55.031Z level=INFO msg="Tunnel established! Access your service at https://localhost:8050"
time=2024-06-29T10:25:11.465Z level=ERROR msg="Failed to read spawn Value : %v" !BADKEY=EOF
time=2024-06-29T10:25:13.045Z level=INFO msg="Starting public server on : 443"
time=2024-06-29T10:25:13.046Z level=INFO msg="Starting private server on : 8050"
time=2024-06-29T10:26:08.148Z level=INFO msg="Starting public server on : 443"
time=2024-06-29T10:26:08.149Z level=INFO msg="Starting private server on : 8050"
time=2024-06-29T10:26:17.712Z level=INFO msg="Starting public server on : 443"
time=2024-06-29T10:26:17.713Z level=INFO msg="Starting private server on : 8050"
time=2024-06-29T10:26:18.870Z level=INFO msg="Tunnel established! Access your service at https://one.localhost:8050"
time=2024-06-29T10:28:11.207Z level=INFO msg="Tunnel established! Access your service at https://one.localhost:8050"
time=2024-06-29T10:28:38.502Z level=ERROR msg="Failed to read spawn Value : %v" !BADKEY=EOF
time=2024-06-29T10:28:39.766Z level=INFO msg="Starting public server on : 443"
time=2024-06-29T10:28:39.766Z level=INFO msg="Starting private server on : 8050"
time=2024-06-29T10:28:52.103Z level=INFO msg="Starting public server on : 443"
time=2024-06-29T10:28:52.104Z level=INFO msg="Starting private server on : 8050"
time=2024-06-29T10:28:55.800Z level=INFO msg="Starting public server on : 443"
time=2024-06-29T10:28:55.801Z level=INFO msg="Starting private server on : 8050"
time=2024-06-29T10:29:01.360Z level=ERROR msg="Failed to create client %w" !BADKEY="dial tcp 3.20.74.21:8050: connect: connection refused"
time=2024-06-29T10:29:29.489Z level=INFO msg="Tunnel established! Access your service at https://one.localhost:8050"
time=2024-06-29T10:32:09.219Z level=INFO msg="Tunnel established! Access your service at https://one.localhost:8050"
time=2024-06-29T10:38:28.529Z level=INFO msg="Tunnel established! Access your service at https://one.harlot.app:8050"
time=2024-06-29T10:38:43.676Z level=INFO msg="Subdomain does not exist"
time=2024-06-29T10:38:43.676Z level=INFO msg="Subdomain does not exist"
time=2024-06-29T10:38:43.677Z level=INFO msg="Subdomain does not exist"
time=2024-06-29T10:38:43.677Z level=INFO msg="Subdomain does not exist"
time=2024-06-29T10:38:44.703Z level=INFO msg="Subdomain does not exist"
time=2024-06-29T10:38:44.703Z level=INFO msg="Subdomain does not exist"
time=2024-06-29T10:38:44.703Z level=INFO msg="Subdomain does not exist"
time=2024-06-29T10:38:44.703Z level=INFO msg="Subdomain does not exist"
time=2024-06-29T10:50:24.350Z level=ERROR msg="Failed to create client %w" !BADKEY="dial tcp 3.20.74.21:8050: connect: connection refused"
time=2024-06-29T10:50:38.646Z level=INFO msg="Tunnel established! Access your service at https://one.harlot.app:8050"
time=2024-06-29T10:51:57.858Z level=INFO msg="Tunnel established! Access your service at https://one.harlot.app:8050"
time=2024-06-29T10:54:11.139Z level=INFO msg="Starting public server on : 443"
time=2024-06-29T10:54:11.140Z level=INFO msg="Starting private server on : 8050"
time=2024-06-29T10:54:26.983Z level=INFO msg="Tunnel established! Access your service at https://one.harlot.app"
time=2024-06-29T11:36:32.988Z level=INFO msg="Tunnel established! Access your service at https://one.harlot.app"
time=2024-06-29T11:40:41.408Z level=INFO msg="Tunnel established! Access your service at https://one.harlot.app"
time=2024-06-29T11:41:42.205Z level=INFO msg="Tunnel established! Access your service at https://one.harlot.app"
time=2024-06-29T11:42:40.566Z level=INFO msg="Tunnel established! Access your service at https://one.harlot.app"
time=2024-06-29T11:43:14.800Z level=INFO msg="Tunnel established! Access your service at https://one.harlot.app"
time=2024-06-29T11:44:02.316Z level=INFO msg="Tunnel established! Access your service at https://one.harlot.app"
time=2024-06-29T11:45:35.479Z level=INFO msg="Tunnel established! Access your service at https://one.harlot.app"
time=2024-06-29T11:48:53.802Z level=INFO msg="Tunnel established! Access your service at https://one.harlot.app"
time=2024-06-29T11:49:11.340Z level=INFO msg="Tunnel established! Access your service at https://one.harlot.app"
time=2024-06-29T11:50:02.254Z level=INFO msg="Tunnel established! Access your service at https://one.harlot.app"
time=2024-06-29T11:50:25.190Z level=INFO msg="Tunnel established! Access your service at https://one.harlot.app"
time=2024-06-29T11:52:49.775Z level=INFO msg="Tunnel established! Access your service at https://one.harlot.app"
time=2024-06-29T11:53:14.714Z level=INFO msg="Tunnel established! Access your service at https://one.harlot.app"
time=2024-06-29T11:55:13.242Z level=INFO msg="Tunnel established! Access your service at https://one.harlot.app"
time=2024-06-29T11:56:48.081Z level=INFO msg="Tunnel established! Access your service at https://one.harlot.app"
time=2024-06-29T13:23:24.057Z level=ERROR msg="Failed to create client %w" !BADKEY="dial tcp 3.20.74.21:8050: connect: connection refused"
time=2024-06-29T13:24:13.556Z level=INFO msg="Tunnel established! Access your service at https://another.harlot.app"
